<?xml version="1.0" encoding="UTF-8"?>
<!-- Generated by org.testng.reporters.JUnitReportReporter -->
<testsuite skipped="0" hostname="DESKTOP-AQTF0EL" name="RegisterationTest.AddAddressTest" tests="1" failures="0" timestamp="29 Sep 2022 12:41:18 GMT" time="5.861" errors="0">
  <testcase name="AddNewAddress" time="5.861" classname="RegisterationTest.AddAddressTest"/>
</testsuite> <!-- RegisterationTest.AddAddressTest -->
