<?xml version="1.0" encoding="UTF-8"?>
<!-- Generated by org.testng.reporters.JUnitReportReporter -->
<testsuite skipped="0" hostname="DESKTOP-AQTF0EL" name="RegisterationTest.LoginTest" tests="1" failures="0" timestamp="30 Sep 2022 12:04:45 GMT" time="1.669" errors="0">
  <testcase name="loginWithValidUserNameAndPassword" time="1.669" classname="RegisterationTest.LoginTest"/>
</testsuite> <!-- RegisterationTest.LoginTest -->
