<?xml version="1.0" encoding="UTF-8"?>
<!-- Generated by org.testng.reporters.JUnitReportReporter -->
<testsuite skipped="0" hostname="DESKTOP-AQTF0EL" name="RegisterationTest.RegisterTest" tests="1" failures="0" timestamp="29 Sep 2022 12:41:18 GMT" time="4.691" errors="0">
  <testcase name="RegisterNewUser" time="4.691" classname="RegisterationTest.RegisterTest"/>
</testsuite> <!-- RegisterationTest.RegisterTest -->
