<?xml version="1.0" encoding="UTF-8"?>
<!-- Generated by org.testng.reporters.JUnitReportReporter -->
<testsuite skipped="0" hostname="DESKTOP-AQTF0EL" name="RegisterationTest.LoginWithNewEmailAndNewPasswordTest" tests="1" failures="0" timestamp="30 Sep 2022 12:04:45 GMT" time="3.471" errors="0">
  <testcase name="loginWithNewEmailAndNewPassword" time="3.471" classname="RegisterationTest.LoginWithNewEmailAndNewPasswordTest"/>
</testsuite> <!-- RegisterationTest.LoginWithNewEmailAndNewPasswordTest -->
