<?xml version="1.0" encoding="UTF-8"?>
<!-- Generated by org.testng.reporters.JUnitReportReporter -->
<testsuite skipped="0" hostname="DESKTOP-AQTF0EL" name="ShoppingCartTest.ShoppingProductWithAsGusetUserTest" tests="1" failures="0" timestamp="30 Sep 2022 12:04:45 GMT" time="18.031" errors="0">
  <testcase name="AddToCart" time="18.031" classname="ShoppingCartTest.ShoppingProductWithAsGusetUserTest"/>
</testsuite> <!-- ShoppingCartTest.ShoppingProductWithAsGusetUserTest -->
