<?xml version="1.0" encoding="UTF-8"?>
<!-- Generated by org.testng.reporters.JUnitReportReporter -->
<testsuite skipped="0" hostname="DESKTOP-AQTF0EL" name="RegisterationTest.UpdateAccountInformationTest" tests="1" failures="0" timestamp="30 Sep 2022 12:04:45 GMT" time="4.221" errors="0">
  <testcase name="updateAccountInformation" time="4.221" classname="RegisterationTest.UpdateAccountInformationTest"/>
</testsuite> <!-- RegisterationTest.UpdateAccountInformationTest -->
