<?xml version="1.0" encoding="UTF-8"?>
<!-- Generated by org.testng.reporters.JUnitReportReporter -->
<testsuite skipped="0" hostname="DESKTOP-AQTF0EL" name="InformationSystemTests.ContactUsTest" tests="1" failures="0" timestamp="30 Sep 2022 12:04:45 GMT" time="1.694" errors="0">
  <testcase name="contactUs" time="1.694" classname="InformationSystemTests.ContactUsTest"/>
</testsuite> <!-- InformationSystemTests.ContactUsTest -->
