<?xml version="1.0" encoding="UTF-8"?>
<!-- Generated by org.testng.reporters.JUnitReportReporter -->
<testsuite skipped="0" hostname="DESKTOP-AQTF0EL" name="RegisterationTest.ChangePasswordTest" tests="1" failures="0" timestamp="30 Sep 2022 12:04:45 GMT" time="5.714" errors="0">
  <testcase name="ChangePassword" time="5.714" classname="RegisterationTest.ChangePasswordTest"/>
</testsuite> <!-- RegisterationTest.ChangePasswordTest -->
